Arguments: 
  /usr/local/bin/node /usr/local/Cellar/yarn/1.17.3/libexec/bin/yarn.js dev

PATH: 
  /usr/local/bin:/usr/local/sbin:/usr/bin:/bin:/usr/sbin:/sbin:/Applications/Keybase.app/Contents/SharedSupport/bin

Yarn version: 
  1.17.3

Node version: 
  10.16.2

Platform: 
  darwin x64

Trace: 
  SyntaxError: /Users/rabiabhatti/dev/experiment/graphql-apollo/server/package.json: Unexpected token , in JSON at position 147
      at JSON.parse (<anonymous>)
      at /usr/local/Cellar/yarn/1.17.3/libexec/lib/cli.js:1625:59
      at Generator.next (<anonymous>)
      at step (/usr/local/Cellar/yarn/1.17.3/libexec/lib/cli.js:304:30)
      at /usr/local/Cellar/yarn/1.17.3/libexec/lib/cli.js:315:13

npm manifest: 
  {
    "name": "graphql-apollo",
    "version": "1.0.0",
    "description": "",
    "main": "lib/index.js",
    "scripts": {
      "build": "sb-babel-cli src -o lib",,
      "watch": "npm run build -- --watch",
      "prepare": "npm run build",
      "dev": "npm run watch -- -x lib"
    },
    "author": "Rabia",
    "license": "ISC",
    "dependencies": {
      "bcryptjs": "^2.4.3",
      "express": "^4.15.3",
      "express-graphql": "^0.6.6",
      "express-session": "^1.15.6",
      "graphql": "^0.10.3",
      "graphql-relay": "^0.5.2",
      "graphql-sequelize": "^5.4.2",
      "graphql-yoga": "^1.18.2",
      "ms": "^2.1.2",
      "pg": "^7.0.2",
      "pg-hstore": "^2.3.2",
      "sequelize": "^4.4.2",
      "sequelize-cli": "^2.8.0"
    },
    "devDependencies": {
      "@babel/core": "^7.5.5",
      "@babel/preset-env": "^7.5.5",
      "sb-babel-cli": "^2.0.0"
    }
  }

yarn manifest: 
  No manifest

Lockfile: 
  No lockfile
